<?xml version="1.0" encoding="UTF-8"?>
<!-- Generated by org.testng.reporters.JUnitReportReporter -->
<testsuite skipped="0" hostname="P5-GLC0N62" name="Com.Api.Service.api.weather.NewTest" tests="2" failures="0" timestamp="13 Mar 2018 10:48:32 GMT" time="3.447" errors="1">
  <testcase name="fun" time="3.433" classname="Com.Api.Service.api.weather.NewTest">
    <error type="com.jayway.restassured.internal.http.ResponseParseException" message="OK">
      <![CDATA[com.jayway.restassured.internal.http.ResponseParseException: OKat sun.reflect.NativeConstructorAccessorImpl.newInstance0(Native Method)at sun.reflect.NativeConstructorAccessorImpl.newInstance(NativeConstructorAccessorImpl.java:62)at sun.reflect.DelegatingConstructorAccessorImpl.newInstance(DelegatingConstructorAccessorImpl.java:45)at java.lang.reflect.Constructor.newInstance(Constructor.java:423)at org.codehaus.groovy.reflection.CachedConstructor.invoke(CachedConstructor.java:80)at org.codehaus.groovy.runtime.callsite.ConstructorSite$ConstructorSiteNoUnwrapNoCoerce.callConstructor(ConstructorSite.java:105)at org.codehaus.groovy.runtime.callsite.CallSiteArray.defaultCallConstructor(CallSiteArray.java:60)at org.codehaus.groovy.runtime.callsite.AbstractCallSite.callConstructor(AbstractCallSite.java:235)at org.codehaus.groovy.runtime.callsite.AbstractCallSite.callConstructor(AbstractCallSite.java:255)at com.jayway.restassured.internal.RequestSpecificationImpl$RestAssuredHttpBuilder.doRequest(RequestSpecificationImpl.groovy:1995)at com.jayway.restassured.internal.http.HTTPBuilder.doRequest(HTTPBuilder.java:492)at com.jayway.restassured.internal.http.HTTPBuilder.request(HTTPBuilder.java:441)at com.jayway.restassured.internal.http.HTTPBuilder$request$2.call(Unknown Source)at org.codehaus.groovy.runtime.callsite.CallSiteArray.defaultCall(CallSiteArray.java:48)at org.codehaus.groovy.runtime.callsite.AbstractCallSite.call(AbstractCallSite.java:113)at org.codehaus.groovy.runtime.callsite.AbstractCallSite.call(AbstractCallSite.java:141)at com.jayway.restassured.internal.RequestSpecificationImpl.sendHttpRequest(RequestSpecificationImpl.groovy:1396)at sun.reflect.NativeMethodAccessorImpl.invoke0(Native Method)at sun.reflect.NativeMethodAccessorImpl.invoke(NativeMethodAccessorImpl.java:62)at sun.reflect.DelegatingMethodAccessorImpl.invoke(DelegatingMethodAccessorImpl.java:43)at java.lang.reflect.Method.invoke(Method.java:498)at org.codehaus.groovy.reflection.CachedMethod.invoke(CachedMethod.java:93)at groovy.lang.MetaMethod.doMethodInvoke(MetaMethod.java:325)at groovy.lang.MetaClassImpl.invokeMethod(MetaClassImpl.java:1210)at groovy.lang.MetaClassImpl.invokeMethod(MetaClassImpl.java:1019)at groovy.lang.MetaClassImpl.invokeMethod(MetaClassImpl.java:810)at com.jayway.restassured.internal.RequestSpecificationImpl.invokeMethod(RequestSpecificationImpl.groovy)at org.codehaus.groovy.runtime.callsite.PogoInterceptableSite.call(PogoInterceptableSite.java:48)at org.codehaus.groovy.runtime.callsite.PogoInterceptableSite.callCurrent(PogoInterceptableSite.java:58)at org.codehaus.groovy.runtime.callsite.CallSiteArray.defaultCallCurrent(CallSiteArray.java:52)at org.codehaus.groovy.runtime.callsite.AbstractCallSite.callCurrent(AbstractCallSite.java:154)at com.jayway.restassured.internal.RequestSpecificationImpl.sendRequest(RequestSpecificationImpl.groovy:1178)at sun.reflect.NativeMethodAccessorImpl.invoke0(Native Method)at sun.reflect.NativeMethodAccessorImpl.invoke(NativeMethodAccessorImpl.java:62)at sun.reflect.DelegatingMethodAccessorImpl.invoke(DelegatingMethodAccessorImpl.java:43)at java.lang.reflect.Method.invoke(Method.java:498)at org.codehaus.groovy.reflection.CachedMethod.invoke(CachedMethod.java:93)at groovy.lang.MetaMethod.doMethodInvoke(MetaMethod.java:325)at groovy.lang.MetaClassImpl.invokeMethod(MetaClassImpl.java:1210)at groovy.lang.MetaClassImpl.invokeMethod(MetaClassImpl.java:1019)at groovy.lang.MetaClassImpl.invokeMethod(MetaClassImpl.java:810)at com.jayway.restassured.internal.RequestSpecificationImpl.invokeMethod(RequestSpecificationImpl.groovy)at org.codehaus.groovy.runtime.callsite.PogoInterceptableSite.call(PogoInterceptableSite.java:48)at org.codehaus.groovy.runtime.callsite.CallSiteArray.defaultCall(CallSiteArray.java:48)at org.codehaus.groovy.runtime.callsite.AbstractCallSite.call(AbstractCallSite.java:113)at org.codehaus.groovy.runtime.callsite.AbstractCallSite.call(AbstractCallSite.java:149)at com.jayway.restassured.internal.filter.SendRequestFilter.filter(SendRequestFilter.groovy:30)at com.jayway.restassured.filter.Filter$filter$0.call(Unknown Source)at org.codehaus.groovy.runtime.callsite.CallSiteArray.defaultCall(CallSiteArray.java:48)at com.jayway.restassured.filter.Filter$filter.call(Unknown Source)at com.jayway.restassured.internal.filter.FilterContextImpl.next(FilterContextImpl.groovy:73)at com.jayway.restassured.filter.time.TimingFilter.filter(TimingFilter.java:56)at com.jayway.restassured.filter.Filter$filter.call(Unknown Source)at org.codehaus.groovy.runtime.callsite.CallSiteArray.defaultCall(CallSiteArray.java:48)at org.codehaus.groovy.runtime.callsite.AbstractCallSite.call(AbstractCallSite.java:113)at org.codehaus.groovy.runtime.callsite.AbstractCallSite.call(AbstractCallSite.java:141)at com.jayway.restassured.internal.filter.FilterContextImpl.next(FilterContextImpl.groovy:73)at com.jayway.restassured.filter.FilterContext$next.call(Unknown Source)at org.codehaus.groovy.runtime.callsite.CallSiteArray.defaultCall(CallSiteArray.java:48)at org.codehaus.groovy.runtime.callsite.AbstractCallSite.call(AbstractCallSite.java:113)at org.codehaus.groovy.runtime.callsite.AbstractCallSite.call(AbstractCallSite.java:133)at com.jayway.restassured.internal.RequestSpecificationImpl.applyPathParamsAndSendRequest(RequestSpecificationImpl.groovy:1596)at sun.reflect.NativeMethodAccessorImpl.invoke0(Native Method)at sun.reflect.NativeMethodAccessorImpl.invoke(NativeMethodAccessorImpl.java:62)at sun.reflect.DelegatingMethodAccessorImpl.invoke(DelegatingMethodAccessorImpl.java:43)at java.lang.reflect.Method.invoke(Method.java:498)at org.codehaus.groovy.reflection.CachedMethod.invoke(CachedMethod.java:93)at groovy.lang.MetaMethod.doMethodInvoke(MetaMethod.java:325)at groovy.lang.MetaClassImpl.invokeMethod(MetaClassImpl.java:1210)at groovy.lang.MetaClassImpl.invokeMethod(MetaClassImpl.java:1019)at groovy.lang.MetaClassImpl.invokeMethod(MetaClassImpl.java:810)at com.jayway.restassured.internal.RequestSpecificationImpl.invokeMethod(RequestSpecificationImpl.groovy)at org.codehaus.groovy.runtime.callsite.PogoInterceptableSite.call(PogoInterceptableSite.java:48)at org.codehaus.groovy.runtime.callsite.PogoInterceptableSite.callCurrent(PogoInterceptableSite.java:58)at org.codehaus.groovy.runtime.callsite.CallSiteArray.defaultCallCurrent(CallSiteArray.java:52)at org.codehaus.groovy.runtime.callsite.AbstractCallSite.callCurrent(AbstractCallSite.java:154)at org.codehaus.groovy.runtime.callsite.AbstractCallSite.callCurrent(AbstractCallSite.java:182)at com.jayway.restassured.internal.RequestSpecificationImpl.get(RequestSpecificationImpl.groovy:160)at com.jayway.restassured.internal.RequestSpecificationImpl.get(RequestSpecificationImpl.groovy)at Com.Api.Service.api.weather.NewTest.fun(NewTest.java:17)at sun.reflect.NativeMethodAccessorImpl.invoke0(Native Method)at sun.reflect.NativeMethodAccessorImpl.invoke(NativeMethodAccessorImpl.java:62)at sun.reflect.DelegatingMethodAccessorImpl.invoke(DelegatingMethodAccessorImpl.java:43)at java.lang.reflect.Method.invoke(Method.java:498)at org.testng.internal.MethodInvocationHelper.invokeMethod(MethodInvocationHelper.java:124)at org.testng.internal.Invoker.invokeMethod(Invoker.java:571)at org.testng.internal.Invoker.invokeTestMethod(Invoker.java:707)at org.testng.internal.Invoker.invokeTestMethods(Invoker.java:979)at org.testng.internal.TestMethodWorker.invokeTestMethods(TestMethodWorker.java:125)at org.testng.internal.TestMethodWorker.run(TestMethodWorker.java:109)at org.testng.TestRunner.privateRun(TestRunner.java:648)at org.testng.TestRunner.run(TestRunner.java:505)at org.testng.SuiteRunner.runTest(SuiteRunner.java:455)at org.testng.SuiteRunner.runSequentially(SuiteRunner.java:450)at org.testng.SuiteRunner.privateRun(SuiteRunner.java:415)at org.testng.SuiteRunner.run(SuiteRunner.java:364)at org.testng.SuiteRunnerWorker.runSuite(SuiteRunnerWorker.java:52)at org.testng.SuiteRunnerWorker.run(SuiteRunnerWorker.java:84)at org.testng.TestNG.runSuitesSequentially(TestNG.java:1187)at org.testng.TestNG.runSuitesLocally(TestNG.java:1116)at org.testng.TestNG.runSuites(TestNG.java:1028)at org.testng.TestNG.run(TestNG.java:996)at org.testng.remote.AbstractRemoteTestNG.run(AbstractRemoteTestNG.java:114)at org.testng.remote.RemoteTestNG.initAndRun(RemoteTestNG.java:251)at org.testng.remote.RemoteTestNG.main(RemoteTestNG.java:77)Caused by: java.lang.IllegalArgumentException: Cookie expiry date cannot be nullat sun.reflect.NativeConstructorAccessorImpl.newInstance0(Native Method)at sun.reflect.NativeConstructorAccessorImpl.newInstance(NativeConstructorAccessorImpl.java:62)at sun.reflect.DelegatingConstructorAccessorImpl.newInstance(DelegatingConstructorAccessorImpl.java:45)at java.lang.reflect.Constructor.newInstance(Constructor.java:423)at org.codehaus.groovy.reflection.CachedConstructor.invoke(CachedConstructor.java:80)at org.codehaus.groovy.reflection.CachedConstructor.doConstructorInvoke(CachedConstructor.java:74)at org.codehaus.groovy.runtime.callsite.ConstructorSite$ConstructorSiteNoUnwrap.callConstructor(ConstructorSite.java:84)at org.codehaus.groovy.runtime.callsite.CallSiteArray.defaultCallConstructor(CallSiteArray.java:60)at org.codehaus.groovy.runtime.callsite.AbstractCallSite.callConstructor(AbstractCallSite.java:235)at org.codehaus.groovy.runtime.callsite.AbstractCallSite.callConstructor(AbstractCallSite.java:247)at com.jayway.restassured.internal.assertion.AssertParameter.notNull(AssertParameter.groovy:26)at com.jayway.restassured.response.Cookie$Builder.setExpiryDate(Cookie.java:351)at com.jayway.restassured.response.Cookie$Builder$setExpiryDate$2.call(Unknown Source)at org.codehaus.groovy.runtime.callsite.CallSiteArray.defaultCall(CallSiteArray.java:48)at org.codehaus.groovy.runtime.callsite.AbstractCallSite.call(AbstractCallSite.java:113)at org.codehaus.groovy.runtime.callsite.AbstractCallSite.call(AbstractCallSite.java:125)at com.jayway.restassured.assertion.CookieMatcher.setCookieProperty(CookieMatcher.groovy:117)at sun.reflect.NativeMethodAccessorImpl.invoke0(Native Method)at sun.reflect.NativeMethodAccessorImpl.invoke(NativeMethodAccessorImpl.java:62)at sun.reflect.DelegatingMethodAccessorImpl.invoke(DelegatingMethodAccessorImpl.java:43)at java.lang.reflect.Method.invoke(Method.java:498)at org.codehaus.groovy.reflection.CachedMethod.invoke(CachedMethod.java:93)at groovy.lang.MetaMethod.doMethodInvoke(MetaMethod.java:325)at org.codehaus.groovy.runtime.metaclass.ClosureMetaClass.invokeMethod(ClosureMetaClass.java:384)at groovy.lang.MetaClassImpl.invokeMethod(MetaClassImpl.java:1019)at org.codehaus.groovy.runtime.callsite.PogoMetaClassSite.callCurrent(PogoMetaClassSite.java:69)at org.codehaus.groovy.runtime.callsite.AbstractCallSite.callCurrent(AbstractCallSite.java:182)at com.jayway.restassured.assertion.CookieMatcher$_getCookies_closure1$_closure2.doCall(CookieMatcher.groovy:76)at sun.reflect.NativeMethodAccessorImpl.invoke0(Native Method)at sun.reflect.NativeMethodAccessorImpl.invoke(NativeMethodAccessorImpl.java:62)at sun.reflect.DelegatingMethodAccessorImpl.invoke(DelegatingMethodAccessorImpl.java:43)at java.lang.reflect.Method.invoke(Method.java:498)at org.codehaus.groovy.reflection.CachedMethod.invoke(CachedMethod.java:93)at groovy.lang.MetaMethod.doMethodInvoke(MetaMethod.java:325)at org.codehaus.groovy.runtime.metaclass.ClosureMetaClass.invokeMethod(ClosureMetaClass.java:294)at groovy.lang.MetaClassImpl.invokeMethod(MetaClassImpl.java:1019)at groovy.lang.Closure.call(Closure.java:426)at org.codehaus.groovy.runtime.DefaultGroovyMethods.eachWithIndex(DefaultGroovyMethods.java:1910)at org.codehaus.groovy.runtime.dgm$171.invoke(Unknown Source)at org.codehaus.groovy.runtime.callsite.PojoMetaMethodSite$PojoMetaMethodSiteNoUnwrapNoCoerce.invoke(PojoMetaMethodSite.java:274)at org.codehaus.groovy.runtime.callsite.PojoMetaMethodSite.call(PojoMetaMethodSite.java:56)at org.codehaus.groovy.runtime.callsite.AbstractCallSite.call(AbstractCallSite.java:125)at com.jayway.restassured.assertion.CookieMatcher$_getCookies_closure1.doCall(CookieMatcher.groovy:66)at sun.reflect.NativeMethodAccessorImpl.invoke0(Native Method)at sun.reflect.NativeMethodAccessorImpl.invoke(NativeMethodAccessorImpl.java:62)at sun.reflect.DelegatingMethodAccessorImpl.invoke(DelegatingMethodAccessorImpl.java:43)at java.lang.reflect.Method.invoke(Method.java:498)at org.codehaus.groovy.reflection.CachedMethod.invoke(CachedMethod.java:93)at groovy.lang.MetaMethod.doMethodInvoke(MetaMethod.java:325)at org.codehaus.groovy.runtime.metaclass.ClosureMetaClass.invokeMethod(ClosureMetaClass.java:294)at groovy.lang.MetaClassImpl.invokeMethod(MetaClassImpl.java:1019)at groovy.lang.Closure.call(Closure.java:426)at groovy.lang.Closure.call(Closure.java:442)at org.codehaus.groovy.runtime.DefaultGroovyMethods.each(DefaultGroovyMethods.java:2030)at org.codehaus.groovy.runtime.DefaultGroovyMethods.each(DefaultGroovyMethods.java:2015)at org.codehaus.groovy.runtime.DefaultGroovyMethods.each(DefaultGroovyMethods.java:2056)at org.codehaus.groovy.runtime.dgm$162.invoke(Unknown Source)at org.codehaus.groovy.runtime.callsite.PojoMetaMethodSite$PojoMetaMethodSiteNoUnwrapNoCoerce.invoke(PojoMetaMethodSite.java:274)at org.codehaus.groovy.runtime.callsite.PojoMetaMethodSite.call(PojoMetaMethodSite.java:56)at org.codehaus.groovy.runtime.callsite.CallSiteArray.defaultCall(CallSiteArray.java:48)at org.codehaus.groovy.runtime.callsite.AbstractCallSite.call(AbstractCallSite.java:113)at org.codehaus.groovy.runtime.callsite.AbstractCallSite.call(AbstractCallSite.java:125)at com.jayway.restassured.assertion.CookieMatcher.getCookies(CookieMatcher.groovy:63)at com.jayway.restassured.assertion.CookieMatcher$getCookies.call(Unknown Source)at org.codehaus.groovy.runtime.callsite.CallSiteArray.defaultCall(CallSiteArray.java:48)at org.codehaus.groovy.runtime.callsite.AbstractCallSite.call(AbstractCallSite.java:113)at org.codehaus.groovy.runtime.callsite.AbstractCallSite.call(AbstractCallSite.java:125)at com.jayway.restassured.internal.RestAssuredResponseOptionsGroovyImpl.parseCookies(RestAssuredResponseOptionsGroovyImpl.groovy:108)at com.jayway.restassured.internal.RestAssuredResponseOptionsGroovyImpl.parseResponse(RestAssuredResponseOptionsGroovyImpl.groovy:80)at com.jayway.restassured.internal.RestAssuredResponseOptionsGroovyImpl$parseResponse.call(Unknown Source)at org.codehaus.groovy.runtime.callsite.CallSiteArray.defaultCall(CallSiteArray.java:48)at org.codehaus.groovy.runtime.callsite.AbstractCallSite.call(AbstractCallSite.java:113)at org.codehaus.groovy.runtime.callsite.AbstractCallSite.call(AbstractCallSite.java:149)at com.jayway.restassured.internal.RestAssuredResponseImpl.parseResponse(RestAssuredResponseImpl.groovy:24)at com.jayway.restassured.internal.RestAssuredResponseImpl$parseResponse.call(Unknown Source)at org.codehaus.groovy.runtime.callsite.CallSiteArray.defaultCall(CallSiteArray.java:48)at org.codehaus.groovy.runtime.callsite.AbstractCallSite.call(AbstractCallSite.java:113)at org.codehaus.groovy.runtime.callsite.AbstractCallSite.call(AbstractCallSite.java:149)at com.jayway.restassured.internal.ResponseSpecificationImpl$HamcrestAssertionClosure$_getClosure_closure1.doCall(ResponseSpecificationImpl.groovy:568)at sun.reflect.NativeMethodAccessorImpl.invoke0(Native Method)at sun.reflect.NativeMethodAccessorImpl.invoke(NativeMethodAccessorImpl.java:62)at sun.reflect.DelegatingMethodAccessorImpl.invoke(DelegatingMethodAccessorImpl.java:43)at java.lang.reflect.Method.invoke(Method.java:498)at org.codehaus.groovy.reflection.CachedMethod.invoke(CachedMethod.java:93)at groovy.lang.MetaMethod.doMethodInvoke(MetaMethod.java:325)at org.codehaus.groovy.runtime.metaclass.ClosureMetaClass.invokeMethod(ClosureMetaClass.java:294)at groovy.lang.MetaClassImpl.invokeMethod(MetaClassImpl.java:1019)at org.codehaus.groovy.runtime.callsite.PogoMetaClassSite.call(PogoMetaClassSite.java:42)at org.codehaus.groovy.runtime.callsite.CallSiteArray.defaultCall(CallSiteArray.java:48)at org.codehaus.groovy.runtime.callsite.AbstractCallSite.call(AbstractCallSite.java:113)at org.codehaus.groovy.runtime.callsite.AbstractCallSite.call(AbstractCallSite.java:133)at com.jayway.restassured.internal.RequestSpecificationImpl$RestAssuredHttpBuilder.doRequest(RequestSpecificationImpl.groovy:1992)... 95 more]]>
    </error>
  </testcase> <!-- fun -->
  <testcase name="f" time="0.014" classname="Com.Api.Service.api.weather.NewTest"/>
</testsuite> <!-- Com.Api.Service.api.weather.NewTest -->
