<?xml version="1.0" encoding="UTF-8"?>
<!-- Generated by org.testng.reporters.JUnitReportReporter -->
<testsuite skipped="0" hostname="P5-GLC0N62" name="Com.Api.Service.api.weather.WeatherApi" tests="2" failures="0" timestamp="16 Mar 2018 10:01:58 GMT" time="2.068" errors="0">
  <testcase name="getResponse" time="0.760" classname="Com.Api.Service.api.weather.WeatherApi"/>
  <testcase name="getResponse" time="1.308" classname="Com.Api.Service.api.weather.WeatherApi"/>
</testsuite> <!-- Com.Api.Service.api.weather.WeatherApi -->
